running egg_info
creating ../../build/arduino_bridge_pkg/arduino_bridge_pkg.egg-info
writing ../../build/arduino_bridge_pkg/arduino_bridge_pkg.egg-info/PKG-INFO
writing dependency_links to ../../build/arduino_bridge_pkg/arduino_bridge_pkg.egg-info/dependency_links.txt
writing entry points to ../../build/arduino_bridge_pkg/arduino_bridge_pkg.egg-info/entry_points.txt
writing requirements to ../../build/arduino_bridge_pkg/arduino_bridge_pkg.egg-info/requires.txt
writing top-level names to ../../build/arduino_bridge_pkg/arduino_bridge_pkg.egg-info/top_level.txt
writing manifest file '../../build/arduino_bridge_pkg/arduino_bridge_pkg.egg-info/SOURCES.txt'
reading manifest file '../../build/arduino_bridge_pkg/arduino_bridge_pkg.egg-info/SOURCES.txt'
writing manifest file '../../build/arduino_bridge_pkg/arduino_bridge_pkg.egg-info/SOURCES.txt'
running build
running build_py
creating /home/isthis/takeout/lane_car/build/arduino_bridge_pkg/build
creating /home/isthis/takeout/lane_car/build/arduino_bridge_pkg/build/lib
creating /home/isthis/takeout/lane_car/build/arduino_bridge_pkg/build/lib/arduino_bridge_pkg
copying arduino_bridge_pkg/__init__.py -> /home/isthis/takeout/lane_car/build/arduino_bridge_pkg/build/lib/arduino_bridge_pkg
copying arduino_bridge_pkg/arduino_bridge_node.py -> /home/isthis/takeout/lane_car/build/arduino_bridge_pkg/build/lib/arduino_bridge_pkg
running install
running install_lib
creating /home/isthis/takeout/lane_car/install/arduino_bridge_pkg/lib/python3.10/site-packages/arduino_bridge_pkg
copying /home/isthis/takeout/lane_car/build/arduino_bridge_pkg/build/lib/arduino_bridge_pkg/__init__.py -> /home/isthis/takeout/lane_car/install/arduino_bridge_pkg/lib/python3.10/site-packages/arduino_bridge_pkg
copying /home/isthis/takeout/lane_car/build/arduino_bridge_pkg/build/lib/arduino_bridge_pkg/arduino_bridge_node.py -> /home/isthis/takeout/lane_car/install/arduino_bridge_pkg/lib/python3.10/site-packages/arduino_bridge_pkg
byte-compiling /home/isthis/takeout/lane_car/install/arduino_bridge_pkg/lib/python3.10/site-packages/arduino_bridge_pkg/__init__.py to __init__.cpython-310.pyc
byte-compiling /home/isthis/takeout/lane_car/install/arduino_bridge_pkg/lib/python3.10/site-packages/arduino_bridge_pkg/arduino_bridge_node.py to arduino_bridge_node.cpython-310.pyc
running install_egg_info
Copying ../../build/arduino_bridge_pkg/arduino_bridge_pkg.egg-info to /home/isthis/takeout/lane_car/install/arduino_bridge_pkg/lib/python3.10/site-packages/arduino_bridge_pkg-0.0.0-py3.10.egg-info
running install_scripts
Installing arduino_bridge_node script to /home/isthis/takeout/lane_car/install/arduino_bridge_pkg/lib/arduino_bridge_pkg
writing list of installed files to '/home/isthis/takeout/lane_car/build/arduino_bridge_pkg/install.log'
