[0.389s] Invoking command in '/home/isthis/takeout/lane_car/src/camera_pkg': PYTHONPATH=/home/isthis/takeout/lane_car/build/camera_pkg/prefix_override:/usr/lib/python3/dist-packages/colcon_core/task/python/colcon_distutils_commands:/home/isthis/takeout/lane_car/install/camera_pkg/lib/python3.10/site-packages:${PYTHONPATH} /usr/bin/python3 -W ignore:setup.py install is deprecated -W ignore:easy_install command is deprecated setup.py egg_info --egg-base ../../build/camera_pkg build --build-base /home/isthis/takeout/lane_car/build/camera_pkg/build install --record /home/isthis/takeout/lane_car/build/camera_pkg/install.log --single-version-externally-managed install_data
[0.522s] running egg_info
[0.522s] writing ../../build/camera_pkg/camera_pkg.egg-info/PKG-INFO
[0.522s] writing dependency_links to ../../build/camera_pkg/camera_pkg.egg-info/dependency_links.txt
[0.523s] writing entry points to ../../build/camera_pkg/camera_pkg.egg-info/entry_points.txt
[0.523s] writing requirements to ../../build/camera_pkg/camera_pkg.egg-info/requires.txt
[0.523s] writing top-level names to ../../build/camera_pkg/camera_pkg.egg-info/top_level.txt
[0.523s] reading manifest file '../../build/camera_pkg/camera_pkg.egg-info/SOURCES.txt'
[0.524s] writing manifest file '../../build/camera_pkg/camera_pkg.egg-info/SOURCES.txt'
[0.524s] running build
[0.524s] running build_py
[0.524s] copying camera_pkg/camera_node.py -> /home/isthis/takeout/lane_car/build/camera_pkg/build/lib/camera_pkg
[0.524s] running install
[0.525s] running install_lib
[0.525s] copying /home/isthis/takeout/lane_car/build/camera_pkg/build/lib/camera_pkg/camera_node.py -> /home/isthis/takeout/lane_car/install/camera_pkg/lib/python3.10/site-packages/camera_pkg
[0.525s] byte-compiling /home/isthis/takeout/lane_car/install/camera_pkg/lib/python3.10/site-packages/camera_pkg/camera_node.py to camera_node.cpython-310.pyc
[0.525s] running install_data
[0.525s] running install_egg_info
[0.526s] removing '/home/isthis/takeout/lane_car/install/camera_pkg/lib/python3.10/site-packages/camera_pkg-0.0.0-py3.10.egg-info' (and everything under it)
[0.526s] Copying ../../build/camera_pkg/camera_pkg.egg-info to /home/isthis/takeout/lane_car/install/camera_pkg/lib/python3.10/site-packages/camera_pkg-0.0.0-py3.10.egg-info
[0.527s] running install_scripts
[0.539s] Installing camera_node script to /home/isthis/takeout/lane_car/install/camera_pkg/lib/camera_pkg
[0.539s] writing list of installed files to '/home/isthis/takeout/lane_car/build/camera_pkg/install.log'
[0.555s] Invoked command in '/home/isthis/takeout/lane_car/src/camera_pkg' returned '0': PYTHONPATH=/home/isthis/takeout/lane_car/build/camera_pkg/prefix_override:/usr/lib/python3/dist-packages/colcon_core/task/python/colcon_distutils_commands:/home/isthis/takeout/lane_car/install/camera_pkg/lib/python3.10/site-packages:${PYTHONPATH} /usr/bin/python3 -W ignore:setup.py install is deprecated -W ignore:easy_install command is deprecated setup.py egg_info --egg-base ../../build/camera_pkg build --build-base /home/isthis/takeout/lane_car/build/camera_pkg/build install --record /home/isthis/takeout/lane_car/build/camera_pkg/install.log --single-version-externally-managed install_data
