[0.053s] DEBUG:colcon:Command line arguments: ['/usr/bin/colcon', 'build']
[0.053s] DEBUG:colcon:Parsed command line arguments: Namespace(log_base=None, log_level=None, verb_name='build', build_base='build', install_base='install', merge_install=False, symlink_install=False, test_result_base=None, continue_on_error=False, executor='parallel', parallel_workers=14, event_handlers=None, ignore_user_meta=False, metas=['./colcon.meta'], base_paths=['.'], packages_ignore=None, packages_ignore_regex=None, paths=None, packages_up_to=None, packages_up_to_regex=None, packages_above=None, packages_above_and_dependencies=None, packages_above_depth=None, packages_select_by_dep=None, packages_skip_by_dep=None, packages_skip_up_to=None, packages_select_build_failed=False, packages_skip_build_finished=False, packages_select_test_failures=False, packages_skip_test_passed=False, packages_select=None, packages_skip=None, packages_select_regex=None, packages_skip_regex=None, packages_start=None, packages_end=None, allow_overriding=[], cmake_args=None, cmake_target=None, cmake_target_skip_unavailable=False, cmake_clean_cache=False, cmake_clean_first=False, cmake_force_configure=False, ament_cmake_args=None, catkin_cmake_args=None, catkin_skip_building_tests=False, mixin_files=None, mixin=None, verb_parser=<colcon_mixin.mixin.mixin_argument.MixinArgumentDecorator object at 0x7c201145e7a0>, verb_extension=<colcon_core.verb.build.BuildVerb object at 0x7c201145e200>, main=<bound method BuildVerb.main of <colcon_core.verb.build.BuildVerb object at 0x7c201145e200>>, mixin_verb=('build',))
[0.139s] Level 1:colcon.colcon_core.package_discovery:discover_packages(colcon_meta) check parameters
[0.139s] Level 1:colcon.colcon_core.package_discovery:discover_packages(recursive) check parameters
[0.139s] Level 1:colcon.colcon_core.package_discovery:discover_packages(ignore) check parameters
[0.139s] Level 1:colcon.colcon_core.package_discovery:discover_packages(path) check parameters
[0.139s] Level 1:colcon.colcon_core.package_discovery:discover_packages(colcon_meta) discover
[0.139s] Level 1:colcon.colcon_core.package_discovery:discover_packages(recursive) discover
[0.139s] INFO:colcon.colcon_core.package_discovery:Crawling recursively for packages in '/home/isthis/takeout/lane_car'
[0.139s] Level 1:colcon.colcon_core.package_identification:_identify(.) by extensions ['ignore', 'ignore_ament_install']
[0.139s] Level 1:colcon.colcon_core.package_identification:_identify(.) by extension 'ignore'
[0.139s] Level 1:colcon.colcon_core.package_identification:_identify(.) by extension 'ignore_ament_install'
[0.139s] Level 1:colcon.colcon_core.package_identification:_identify(.) by extensions ['colcon_pkg']
[0.139s] Level 1:colcon.colcon_core.package_identification:_identify(.) by extension 'colcon_pkg'
[0.139s] Level 1:colcon.colcon_core.package_identification:_identify(.) by extensions ['colcon_meta']
[0.139s] Level 1:colcon.colcon_core.package_identification:_identify(.) by extension 'colcon_meta'
[0.139s] Level 1:colcon.colcon_core.package_identification:_identify(.) by extensions ['ros']
[0.139s] Level 1:colcon.colcon_core.package_identification:_identify(.) by extension 'ros'
[0.145s] Level 1:colcon.colcon_core.package_identification:_identify(.) by extensions ['cmake', 'python']
[0.145s] Level 1:colcon.colcon_core.package_identification:_identify(.) by extension 'cmake'
[0.145s] Level 1:colcon.colcon_core.package_identification:_identify(.) by extension 'python'
[0.145s] Level 1:colcon.colcon_core.package_identification:_identify(.) by extensions ['python_setup_py']
[0.145s] Level 1:colcon.colcon_core.package_identification:_identify(.) by extension 'python_setup_py'
[0.146s] Level 1:colcon.colcon_core.package_identification:_identify(build) by extensions ['ignore', 'ignore_ament_install']
[0.146s] Level 1:colcon.colcon_core.package_identification:_identify(build) by extension 'ignore'
[0.146s] Level 1:colcon.colcon_core.package_identification:_identify(build) ignored
[0.146s] Level 1:colcon.colcon_core.package_identification:_identify(install) by extensions ['ignore', 'ignore_ament_install']
[0.146s] Level 1:colcon.colcon_core.package_identification:_identify(install) by extension 'ignore'
[0.146s] Level 1:colcon.colcon_core.package_identification:_identify(install) ignored
[0.146s] Level 1:colcon.colcon_core.package_identification:_identify(log) by extensions ['ignore', 'ignore_ament_install']
[0.146s] Level 1:colcon.colcon_core.package_identification:_identify(log) by extension 'ignore'
[0.146s] Level 1:colcon.colcon_core.package_identification:_identify(log) ignored
[0.146s] Level 1:colcon.colcon_core.package_identification:_identify(src) by extensions ['ignore', 'ignore_ament_install']
[0.146s] Level 1:colcon.colcon_core.package_identification:_identify(src) by extension 'ignore'
[0.146s] Level 1:colcon.colcon_core.package_identification:_identify(src) by extension 'ignore_ament_install'
[0.146s] Level 1:colcon.colcon_core.package_identification:_identify(src) by extensions ['colcon_pkg']
[0.146s] Level 1:colcon.colcon_core.package_identification:_identify(src) by extension 'colcon_pkg'
[0.146s] Level 1:colcon.colcon_core.package_identification:_identify(src) by extensions ['colcon_meta']
[0.146s] Level 1:colcon.colcon_core.package_identification:_identify(src) by extension 'colcon_meta'
[0.146s] Level 1:colcon.colcon_core.package_identification:_identify(src) by extensions ['ros']
[0.146s] Level 1:colcon.colcon_core.package_identification:_identify(src) by extension 'ros'
[0.146s] Level 1:colcon.colcon_core.package_identification:_identify(src) by extensions ['cmake', 'python']
[0.146s] Level 1:colcon.colcon_core.package_identification:_identify(src) by extension 'cmake'
[0.146s] Level 1:colcon.colcon_core.package_identification:_identify(src) by extension 'python'
[0.146s] Level 1:colcon.colcon_core.package_identification:_identify(src) by extensions ['python_setup_py']
[0.146s] Level 1:colcon.colcon_core.package_identification:_identify(src) by extension 'python_setup_py'
[0.146s] Level 1:colcon.colcon_core.package_identification:_identify(src/arduino_bridge_pkg) by extensions ['ignore', 'ignore_ament_install']
[0.146s] Level 1:colcon.colcon_core.package_identification:_identify(src/arduino_bridge_pkg) by extension 'ignore'
[0.146s] Level 1:colcon.colcon_core.package_identification:_identify(src/arduino_bridge_pkg) by extension 'ignore_ament_install'
[0.146s] Level 1:colcon.colcon_core.package_identification:_identify(src/arduino_bridge_pkg) by extensions ['colcon_pkg']
[0.146s] Level 1:colcon.colcon_core.package_identification:_identify(src/arduino_bridge_pkg) by extension 'colcon_pkg'
[0.146s] Level 1:colcon.colcon_core.package_identification:_identify(src/arduino_bridge_pkg) by extensions ['colcon_meta']
[0.146s] Level 1:colcon.colcon_core.package_identification:_identify(src/arduino_bridge_pkg) by extension 'colcon_meta'
[0.146s] Level 1:colcon.colcon_core.package_identification:_identify(src/arduino_bridge_pkg) by extensions ['ros']
[0.146s] Level 1:colcon.colcon_core.package_identification:_identify(src/arduino_bridge_pkg) by extension 'ros'
[0.148s] DEBUG:colcon.colcon_core.package_identification:Package 'src/arduino_bridge_pkg' with type 'ros.ament_python' and name 'arduino_bridge_pkg'
[0.148s] Level 1:colcon.colcon_core.package_identification:_identify(src/camera_pkg) by extensions ['ignore', 'ignore_ament_install']
[0.148s] Level 1:colcon.colcon_core.package_identification:_identify(src/camera_pkg) by extension 'ignore'
[0.148s] Level 1:colcon.colcon_core.package_identification:_identify(src/camera_pkg) by extension 'ignore_ament_install'
[0.148s] Level 1:colcon.colcon_core.package_identification:_identify(src/camera_pkg) by extensions ['colcon_pkg']
[0.148s] Level 1:colcon.colcon_core.package_identification:_identify(src/camera_pkg) by extension 'colcon_pkg'
[0.148s] Level 1:colcon.colcon_core.package_identification:_identify(src/camera_pkg) by extensions ['colcon_meta']
[0.148s] Level 1:colcon.colcon_core.package_identification:_identify(src/camera_pkg) by extension 'colcon_meta'
[0.148s] Level 1:colcon.colcon_core.package_identification:_identify(src/camera_pkg) by extensions ['ros']
[0.148s] Level 1:colcon.colcon_core.package_identification:_identify(src/camera_pkg) by extension 'ros'
[0.148s] DEBUG:colcon.colcon_core.package_identification:Package 'src/camera_pkg' with type 'ros.ament_python' and name 'camera_pkg'
[0.148s] Level 1:colcon.colcon_core.package_identification:_identify(src/lane_follow_pkg) by extensions ['ignore', 'ignore_ament_install']
[0.148s] Level 1:colcon.colcon_core.package_identification:_identify(src/lane_follow_pkg) by extension 'ignore'
[0.148s] Level 1:colcon.colcon_core.package_identification:_identify(src/lane_follow_pkg) by extension 'ignore_ament_install'
[0.148s] Level 1:colcon.colcon_core.package_identification:_identify(src/lane_follow_pkg) by extensions ['colcon_pkg']
[0.148s] Level 1:colcon.colcon_core.package_identification:_identify(src/lane_follow_pkg) by extension 'colcon_pkg'
[0.148s] Level 1:colcon.colcon_core.package_identification:_identify(src/lane_follow_pkg) by extensions ['colcon_meta']
[0.148s] Level 1:colcon.colcon_core.package_identification:_identify(src/lane_follow_pkg) by extension 'colcon_meta'
[0.148s] Level 1:colcon.colcon_core.package_identification:_identify(src/lane_follow_pkg) by extensions ['ros']
[0.148s] Level 1:colcon.colcon_core.package_identification:_identify(src/lane_follow_pkg) by extension 'ros'
[0.149s] DEBUG:colcon.colcon_core.package_identification:Package 'src/lane_follow_pkg' with type 'ros.ament_python' and name 'lane_follow_pkg'
[0.149s] Level 1:colcon.colcon_core.package_identification:_identify(test) by extensions ['ignore', 'ignore_ament_install']
[0.149s] Level 1:colcon.colcon_core.package_identification:_identify(test) by extension 'ignore'
[0.149s] Level 1:colcon.colcon_core.package_identification:_identify(test) by extension 'ignore_ament_install'
[0.149s] Level 1:colcon.colcon_core.package_identification:_identify(test) by extensions ['colcon_pkg']
[0.149s] Level 1:colcon.colcon_core.package_identification:_identify(test) by extension 'colcon_pkg'
[0.149s] Level 1:colcon.colcon_core.package_identification:_identify(test) by extensions ['colcon_meta']
[0.149s] Level 1:colcon.colcon_core.package_identification:_identify(test) by extension 'colcon_meta'
[0.149s] Level 1:colcon.colcon_core.package_identification:_identify(test) by extensions ['ros']
[0.149s] Level 1:colcon.colcon_core.package_identification:_identify(test) by extension 'ros'
[0.149s] Level 1:colcon.colcon_core.package_identification:_identify(test) by extensions ['cmake', 'python']
[0.149s] Level 1:colcon.colcon_core.package_identification:_identify(test) by extension 'cmake'
[0.149s] Level 1:colcon.colcon_core.package_identification:_identify(test) by extension 'python'
[0.149s] Level 1:colcon.colcon_core.package_identification:_identify(test) by extensions ['python_setup_py']
[0.149s] Level 1:colcon.colcon_core.package_identification:_identify(test) by extension 'python_setup_py'
[0.149s] Level 1:colcon.colcon_core.package_identification:_identify(test/quad_motor_drive) by extensions ['ignore', 'ignore_ament_install']
[0.149s] Level 1:colcon.colcon_core.package_identification:_identify(test/quad_motor_drive) by extension 'ignore'
[0.149s] Level 1:colcon.colcon_core.package_identification:_identify(test/quad_motor_drive) by extension 'ignore_ament_install'
[0.149s] Level 1:colcon.colcon_core.package_identification:_identify(test/quad_motor_drive) by extensions ['colcon_pkg']
[0.149s] Level 1:colcon.colcon_core.package_identification:_identify(test/quad_motor_drive) by extension 'colcon_pkg'
[0.149s] Level 1:colcon.colcon_core.package_identification:_identify(test/quad_motor_drive) by extensions ['colcon_meta']
[0.149s] Level 1:colcon.colcon_core.package_identification:_identify(test/quad_motor_drive) by extension 'colcon_meta'
[0.149s] Level 1:colcon.colcon_core.package_identification:_identify(test/quad_motor_drive) by extensions ['ros']
[0.149s] Level 1:colcon.colcon_core.package_identification:_identify(test/quad_motor_drive) by extension 'ros'
[0.149s] Level 1:colcon.colcon_core.package_identification:_identify(test/quad_motor_drive) by extensions ['cmake', 'python']
[0.149s] Level 1:colcon.colcon_core.package_identification:_identify(test/quad_motor_drive) by extension 'cmake'
[0.149s] Level 1:colcon.colcon_core.package_identification:_identify(test/quad_motor_drive) by extension 'python'
[0.149s] Level 1:colcon.colcon_core.package_identification:_identify(test/quad_motor_drive) by extensions ['python_setup_py']
[0.149s] Level 1:colcon.colcon_core.package_identification:_identify(test/quad_motor_drive) by extension 'python_setup_py'
[0.149s] Level 1:colcon.colcon_core.package_identification:_identify(test/quad_motor_drive_steering) by extensions ['ignore', 'ignore_ament_install']
[0.150s] Level 1:colcon.colcon_core.package_identification:_identify(test/quad_motor_drive_steering) by extension 'ignore'
[0.150s] Level 1:colcon.colcon_core.package_identification:_identify(test/quad_motor_drive_steering) by extension 'ignore_ament_install'
[0.150s] Level 1:colcon.colcon_core.package_identification:_identify(test/quad_motor_drive_steering) by extensions ['colcon_pkg']
[0.150s] Level 1:colcon.colcon_core.package_identification:_identify(test/quad_motor_drive_steering) by extension 'colcon_pkg'
[0.150s] Level 1:colcon.colcon_core.package_identification:_identify(test/quad_motor_drive_steering) by extensions ['colcon_meta']
[0.150s] Level 1:colcon.colcon_core.package_identification:_identify(test/quad_motor_drive_steering) by extension 'colcon_meta'
[0.150s] Level 1:colcon.colcon_core.package_identification:_identify(test/quad_motor_drive_steering) by extensions ['ros']
[0.150s] Level 1:colcon.colcon_core.package_identification:_identify(test/quad_motor_drive_steering) by extension 'ros'
[0.150s] Level 1:colcon.colcon_core.package_identification:_identify(test/quad_motor_drive_steering) by extensions ['cmake', 'python']
[0.150s] Level 1:colcon.colcon_core.package_identification:_identify(test/quad_motor_drive_steering) by extension 'cmake'
[0.150s] Level 1:colcon.colcon_core.package_identification:_identify(test/quad_motor_drive_steering) by extension 'python'
[0.150s] Level 1:colcon.colcon_core.package_identification:_identify(test/quad_motor_drive_steering) by extensions ['python_setup_py']
[0.150s] Level 1:colcon.colcon_core.package_identification:_identify(test/quad_motor_drive_steering) by extension 'python_setup_py'
[0.150s] Level 1:colcon.colcon_core.package_discovery:discover_packages(recursive) using defaults
[0.150s] Level 1:colcon.colcon_core.package_discovery:discover_packages(ignore) discover
[0.150s] Level 1:colcon.colcon_core.package_discovery:discover_packages(ignore) using defaults
[0.150s] Level 1:colcon.colcon_core.package_discovery:discover_packages(path) discover
[0.150s] Level 1:colcon.colcon_core.package_discovery:discover_packages(path) using defaults
[0.167s] Level 1:colcon.colcon_core.package_discovery:discover_packages(prefix_path) check parameters
[0.167s] Level 1:colcon.colcon_core.package_discovery:discover_packages(prefix_path) discover
[0.168s] DEBUG:colcon.colcon_installed_package_information.package_discovery:Found 273 installed packages in /opt/ros/humble
[0.169s] Level 1:colcon.colcon_core.package_discovery:discover_packages(prefix_path) using defaults
[0.186s] Level 5:colcon.colcon_core.verb:set package 'arduino_bridge_pkg' build argument 'cmake_args' from command line to 'None'
[0.186s] Level 5:colcon.colcon_core.verb:set package 'arduino_bridge_pkg' build argument 'cmake_target' from command line to 'None'
[0.186s] Level 5:colcon.colcon_core.verb:set package 'arduino_bridge_pkg' build argument 'cmake_target_skip_unavailable' from command line to 'False'
[0.186s] Level 5:colcon.colcon_core.verb:set package 'arduino_bridge_pkg' build argument 'cmake_clean_cache' from command line to 'False'
[0.186s] Level 5:colcon.colcon_core.verb:set package 'arduino_bridge_pkg' build argument 'cmake_clean_first' from command line to 'False'
[0.186s] Level 5:colcon.colcon_core.verb:set package 'arduino_bridge_pkg' build argument 'cmake_force_configure' from command line to 'False'
[0.186s] Level 5:colcon.colcon_core.verb:set package 'arduino_bridge_pkg' build argument 'ament_cmake_args' from command line to 'None'
[0.186s] Level 5:colcon.colcon_core.verb:set package 'arduino_bridge_pkg' build argument 'catkin_cmake_args' from command line to 'None'
[0.186s] Level 5:colcon.colcon_core.verb:set package 'arduino_bridge_pkg' build argument 'catkin_skip_building_tests' from command line to 'False'
[0.186s] DEBUG:colcon.colcon_core.verb:Building package 'arduino_bridge_pkg' with the following arguments: {'ament_cmake_args': None, 'build_base': '/home/isthis/takeout/lane_car/build/arduino_bridge_pkg', 'catkin_cmake_args': None, 'catkin_skip_building_tests': False, 'cmake_args': None, 'cmake_clean_cache': False, 'cmake_clean_first': False, 'cmake_force_configure': False, 'cmake_target': None, 'cmake_target_skip_unavailable': False, 'install_base': '/home/isthis/takeout/lane_car/install/arduino_bridge_pkg', 'merge_install': False, 'path': '/home/isthis/takeout/lane_car/src/arduino_bridge_pkg', 'symlink_install': False, 'test_result_base': None}
[0.187s] Level 5:colcon.colcon_core.verb:set package 'camera_pkg' build argument 'cmake_args' from command line to 'None'
[0.187s] Level 5:colcon.colcon_core.verb:set package 'camera_pkg' build argument 'cmake_target' from command line to 'None'
[0.187s] Level 5:colcon.colcon_core.verb:set package 'camera_pkg' build argument 'cmake_target_skip_unavailable' from command line to 'False'
[0.187s] Level 5:colcon.colcon_core.verb:set package 'camera_pkg' build argument 'cmake_clean_cache' from command line to 'False'
[0.187s] Level 5:colcon.colcon_core.verb:set package 'camera_pkg' build argument 'cmake_clean_first' from command line to 'False'
[0.187s] Level 5:colcon.colcon_core.verb:set package 'camera_pkg' build argument 'cmake_force_configure' from command line to 'False'
[0.187s] Level 5:colcon.colcon_core.verb:set package 'camera_pkg' build argument 'ament_cmake_args' from command line to 'None'
[0.187s] Level 5:colcon.colcon_core.verb:set package 'camera_pkg' build argument 'catkin_cmake_args' from command line to 'None'
[0.187s] Level 5:colcon.colcon_core.verb:set package 'camera_pkg' build argument 'catkin_skip_building_tests' from command line to 'False'
[0.187s] DEBUG:colcon.colcon_core.verb:Building package 'camera_pkg' with the following arguments: {'ament_cmake_args': None, 'build_base': '/home/isthis/takeout/lane_car/build/camera_pkg', 'catkin_cmake_args': None, 'catkin_skip_building_tests': False, 'cmake_args': None, 'cmake_clean_cache': False, 'cmake_clean_first': False, 'cmake_force_configure': False, 'cmake_target': None, 'cmake_target_skip_unavailable': False, 'install_base': '/home/isthis/takeout/lane_car/install/camera_pkg', 'merge_install': False, 'path': '/home/isthis/takeout/lane_car/src/camera_pkg', 'symlink_install': False, 'test_result_base': None}
[0.187s] Level 5:colcon.colcon_core.verb:set package 'lane_follow_pkg' build argument 'cmake_args' from command line to 'None'
[0.187s] Level 5:colcon.colcon_core.verb:set package 'lane_follow_pkg' build argument 'cmake_target' from command line to 'None'
[0.187s] Level 5:colcon.colcon_core.verb:set package 'lane_follow_pkg' build argument 'cmake_target_skip_unavailable' from command line to 'False'
[0.187s] Level 5:colcon.colcon_core.verb:set package 'lane_follow_pkg' build argument 'cmake_clean_cache' from command line to 'False'
[0.187s] Level 5:colcon.colcon_core.verb:set package 'lane_follow_pkg' build argument 'cmake_clean_first' from command line to 'False'
[0.187s] Level 5:colcon.colcon_core.verb:set package 'lane_follow_pkg' build argument 'cmake_force_configure' from command line to 'False'
[0.187s] Level 5:colcon.colcon_core.verb:set package 'lane_follow_pkg' build argument 'ament_cmake_args' from command line to 'None'
[0.187s] Level 5:colcon.colcon_core.verb:set package 'lane_follow_pkg' build argument 'catkin_cmake_args' from command line to 'None'
[0.187s] Level 5:colcon.colcon_core.verb:set package 'lane_follow_pkg' build argument 'catkin_skip_building_tests' from command line to 'False'
[0.187s] DEBUG:colcon.colcon_core.verb:Building package 'lane_follow_pkg' with the following arguments: {'ament_cmake_args': None, 'build_base': '/home/isthis/takeout/lane_car/build/lane_follow_pkg', 'catkin_cmake_args': None, 'catkin_skip_building_tests': False, 'cmake_args': None, 'cmake_clean_cache': False, 'cmake_clean_first': False, 'cmake_force_configure': False, 'cmake_target': None, 'cmake_target_skip_unavailable': False, 'install_base': '/home/isthis/takeout/lane_car/install/lane_follow_pkg', 'merge_install': False, 'path': '/home/isthis/takeout/lane_car/src/lane_follow_pkg', 'symlink_install': False, 'test_result_base': None}
[0.187s] INFO:colcon.colcon_core.executor:Executing jobs using 'parallel' executor
[0.188s] DEBUG:colcon.colcon_parallel_executor.executor.parallel:run_until_complete
[0.188s] INFO:colcon.colcon_ros.task.ament_python.build:Building ROS package in '/home/isthis/takeout/lane_car/src/arduino_bridge_pkg' with build type 'ament_python'
[0.188s] Level 1:colcon.colcon_core.shell:create_environment_hook('arduino_bridge_pkg', 'ament_prefix_path')
[0.189s] INFO:colcon.colcon_core.plugin_system:Skipping extension 'colcon_core.shell.bat': Not used on non-Windows systems
[0.189s] INFO:colcon.colcon_core.shell:Creating environment hook '/home/isthis/takeout/lane_car/install/arduino_bridge_pkg/share/arduino_bridge_pkg/hook/ament_prefix_path.ps1'
[0.190s] INFO:colcon.colcon_core.shell:Creating environment descriptor '/home/isthis/takeout/lane_car/install/arduino_bridge_pkg/share/arduino_bridge_pkg/hook/ament_prefix_path.dsv'
[0.190s] INFO:colcon.colcon_core.shell:Creating environment hook '/home/isthis/takeout/lane_car/install/arduino_bridge_pkg/share/arduino_bridge_pkg/hook/ament_prefix_path.sh'
[0.190s] INFO:colcon.colcon_core.shell:Skip shell extension 'powershell' for command environment: Not usable outside of PowerShell
[0.190s] DEBUG:colcon.colcon_core.shell:Skip shell extension 'dsv' for command environment
[0.192s] INFO:colcon.colcon_ros.task.ament_python.build:Building ROS package in '/home/isthis/takeout/lane_car/src/camera_pkg' with build type 'ament_python'
[0.192s] Level 1:colcon.colcon_core.shell:create_environment_hook('camera_pkg', 'ament_prefix_path')
[0.192s] INFO:colcon.colcon_core.shell:Creating environment hook '/home/isthis/takeout/lane_car/install/camera_pkg/share/camera_pkg/hook/ament_prefix_path.ps1'
[0.192s] INFO:colcon.colcon_core.shell:Creating environment descriptor '/home/isthis/takeout/lane_car/install/camera_pkg/share/camera_pkg/hook/ament_prefix_path.dsv'
[0.192s] INFO:colcon.colcon_core.shell:Creating environment hook '/home/isthis/takeout/lane_car/install/camera_pkg/share/camera_pkg/hook/ament_prefix_path.sh'
[0.193s] INFO:colcon.colcon_core.shell:Skip shell extension 'powershell' for command environment: Not usable outside of PowerShell
[0.193s] DEBUG:colcon.colcon_core.shell:Skip shell extension 'dsv' for command environment
[0.194s] INFO:colcon.colcon_ros.task.ament_python.build:Building ROS package in '/home/isthis/takeout/lane_car/src/lane_follow_pkg' with build type 'ament_python'
[0.194s] Level 1:colcon.colcon_core.shell:create_environment_hook('lane_follow_pkg', 'ament_prefix_path')
[0.194s] INFO:colcon.colcon_core.shell:Creating environment hook '/home/isthis/takeout/lane_car/install/lane_follow_pkg/share/lane_follow_pkg/hook/ament_prefix_path.ps1'
[0.194s] INFO:colcon.colcon_core.shell:Creating environment descriptor '/home/isthis/takeout/lane_car/install/lane_follow_pkg/share/lane_follow_pkg/hook/ament_prefix_path.dsv'
[0.194s] INFO:colcon.colcon_core.shell:Creating environment hook '/home/isthis/takeout/lane_car/install/lane_follow_pkg/share/lane_follow_pkg/hook/ament_prefix_path.sh'
[0.195s] INFO:colcon.colcon_core.shell:Skip shell extension 'powershell' for command environment: Not usable outside of PowerShell
[0.195s] DEBUG:colcon.colcon_core.shell:Skip shell extension 'dsv' for command environment
[0.329s] WARNING:colcon.colcon_ros.task.ament_python.build:Package 'arduino_bridge_pkg' doesn't explicitly install a marker in the package index (colcon-ros currently does it implicitly but that fallback will be removed in the future)
[0.330s] WARNING:colcon.colcon_ros.task.ament_python.build:Package 'arduino_bridge_pkg' doesn't explicitly install the 'package.xml' file (colcon-ros currently does it implicitly but that fallback will be removed in the future)
[0.330s] INFO:colcon.colcon_core.task.python.build:Building Python package in '/home/isthis/takeout/lane_car/src/arduino_bridge_pkg'
[0.330s] INFO:colcon.colcon_core.shell:Skip shell extension 'powershell' for command environment: Not usable outside of PowerShell
[0.330s] DEBUG:colcon.colcon_core.shell:Skip shell extension 'dsv' for command environment
[0.474s] INFO:colcon.colcon_core.task.python.build:Building Python package in '/home/isthis/takeout/lane_car/src/camera_pkg'
[0.474s] INFO:colcon.colcon_core.shell:Skip shell extension 'powershell' for command environment: Not usable outside of PowerShell
[0.474s] DEBUG:colcon.colcon_core.shell:Skip shell extension 'dsv' for command environment
[0.614s] WARNING:colcon.colcon_ros.task.ament_python.build:Package 'lane_follow_pkg' doesn't explicitly install a marker in the package index (colcon-ros currently does it implicitly but that fallback will be removed in the future)
[0.614s] WARNING:colcon.colcon_ros.task.ament_python.build:Package 'lane_follow_pkg' doesn't explicitly install the 'package.xml' file (colcon-ros currently does it implicitly but that fallback will be removed in the future)
[0.615s] INFO:colcon.colcon_core.task.python.build:Building Python package in '/home/isthis/takeout/lane_car/src/lane_follow_pkg'
[0.615s] INFO:colcon.colcon_core.shell:Skip shell extension 'powershell' for command environment: Not usable outside of PowerShell
[0.615s] DEBUG:colcon.colcon_core.shell:Skip shell extension 'dsv' for command environment
[0.809s] DEBUG:colcon.colcon_core.event_handler.log_command:Invoking command in '/home/isthis/takeout/lane_car/src/camera_pkg': PYTHONPATH=/home/isthis/takeout/lane_car/build/camera_pkg/prefix_override:/usr/lib/python3/dist-packages/colcon_core/task/python/colcon_distutils_commands:/home/isthis/takeout/lane_car/install/camera_pkg/lib/python3.10/site-packages:${PYTHONPATH} /usr/bin/python3 -W ignore:setup.py install is deprecated -W ignore:easy_install command is deprecated setup.py egg_info --egg-base ../../build/camera_pkg build --build-base /home/isthis/takeout/lane_car/build/camera_pkg/build install --record /home/isthis/takeout/lane_car/build/camera_pkg/install.log --single-version-externally-managed install_data
[0.842s] DEBUG:colcon.colcon_core.event_handler.log_command:Invoking command in '/home/isthis/takeout/lane_car/src/lane_follow_pkg': PYTHONPATH=/home/isthis/takeout/lane_car/build/lane_follow_pkg/prefix_override:/usr/lib/python3/dist-packages/colcon_core/task/python/colcon_distutils_commands:/home/isthis/takeout/lane_car/install/lane_follow_pkg/lib/python3.10/site-packages:${PYTHONPATH} /usr/bin/python3 -W ignore:setup.py install is deprecated -W ignore:easy_install command is deprecated setup.py egg_info --egg-base ../../build/lane_follow_pkg build --build-base /home/isthis/takeout/lane_car/build/lane_follow_pkg/build install --record /home/isthis/takeout/lane_car/build/lane_follow_pkg/install.log --single-version-externally-managed
[0.890s] DEBUG:colcon.colcon_core.event_handler.log_command:Invoking command in '/home/isthis/takeout/lane_car/src/arduino_bridge_pkg': PYTHONPATH=/home/isthis/takeout/lane_car/build/arduino_bridge_pkg/prefix_override:/usr/lib/python3/dist-packages/colcon_core/task/python/colcon_distutils_commands:/home/isthis/takeout/lane_car/install/arduino_bridge_pkg/lib/python3.10/site-packages:${PYTHONPATH} /usr/bin/python3 -W ignore:setup.py install is deprecated -W ignore:easy_install command is deprecated setup.py egg_info --egg-base ../../build/arduino_bridge_pkg build --build-base /home/isthis/takeout/lane_car/build/arduino_bridge_pkg/build install --record /home/isthis/takeout/lane_car/build/arduino_bridge_pkg/install.log --single-version-externally-managed
[0.974s] DEBUG:colcon.colcon_core.event_handler.log_command:Invoked command in '/home/isthis/takeout/lane_car/src/camera_pkg' returned '0': PYTHONPATH=/home/isthis/takeout/lane_car/build/camera_pkg/prefix_override:/usr/lib/python3/dist-packages/colcon_core/task/python/colcon_distutils_commands:/home/isthis/takeout/lane_car/install/camera_pkg/lib/python3.10/site-packages:${PYTHONPATH} /usr/bin/python3 -W ignore:setup.py install is deprecated -W ignore:easy_install command is deprecated setup.py egg_info --egg-base ../../build/camera_pkg build --build-base /home/isthis/takeout/lane_car/build/camera_pkg/build install --record /home/isthis/takeout/lane_car/build/camera_pkg/install.log --single-version-externally-managed install_data
[0.976s] Level 1:colcon.colcon_core.environment:checking '/home/isthis/takeout/lane_car/install/camera_pkg' for CMake module files
[0.977s] Level 1:colcon.colcon_core.environment:checking '/home/isthis/takeout/lane_car/install/camera_pkg' for CMake config files
[0.977s] Level 1:colcon.colcon_core.environment:checking '/home/isthis/takeout/lane_car/install/camera_pkg/lib'
[0.977s] Level 1:colcon.colcon_core.environment:checking '/home/isthis/takeout/lane_car/install/camera_pkg/bin'
[0.977s] Level 1:colcon.colcon_core.environment:checking '/home/isthis/takeout/lane_car/install/camera_pkg/lib/pkgconfig/camera_pkg.pc'
[0.977s] Level 1:colcon.colcon_core.environment:checking '/home/isthis/takeout/lane_car/install/camera_pkg/lib/python3.10/site-packages'
[0.978s] Level 1:colcon.colcon_core.shell:create_environment_hook('camera_pkg', 'pythonpath')
[0.978s] INFO:colcon.colcon_core.shell:Creating environment hook '/home/isthis/takeout/lane_car/install/camera_pkg/share/camera_pkg/hook/pythonpath.ps1'
[0.978s] INFO:colcon.colcon_core.shell:Creating environment descriptor '/home/isthis/takeout/lane_car/install/camera_pkg/share/camera_pkg/hook/pythonpath.dsv'
[0.979s] INFO:colcon.colcon_core.shell:Creating environment hook '/home/isthis/takeout/lane_car/install/camera_pkg/share/camera_pkg/hook/pythonpath.sh'
[0.979s] Level 1:colcon.colcon_core.environment:checking '/home/isthis/takeout/lane_car/install/camera_pkg/bin'
[0.979s] Level 1:colcon.colcon_core.environment:create_environment_scripts_only(camera_pkg)
[0.980s] INFO:colcon.colcon_core.shell:Creating package script '/home/isthis/takeout/lane_car/install/camera_pkg/share/camera_pkg/package.ps1'
[0.980s] INFO:colcon.colcon_core.shell:Creating package descriptor '/home/isthis/takeout/lane_car/install/camera_pkg/share/camera_pkg/package.dsv'
[0.981s] INFO:colcon.colcon_core.shell:Creating package script '/home/isthis/takeout/lane_car/install/camera_pkg/share/camera_pkg/package.sh'
[0.982s] INFO:colcon.colcon_core.shell:Creating package script '/home/isthis/takeout/lane_car/install/camera_pkg/share/camera_pkg/package.bash'
[0.982s] INFO:colcon.colcon_core.shell:Creating package script '/home/isthis/takeout/lane_car/install/camera_pkg/share/camera_pkg/package.zsh'
[0.983s] Level 1:colcon.colcon_core.environment:create_file_with_runtime_dependencies(/home/isthis/takeout/lane_car/install/camera_pkg/share/colcon-core/packages/camera_pkg)
[1.025s] Level 1:colcon.colcon_core.environment:checking '/home/isthis/takeout/lane_car/install/lane_follow_pkg' for CMake module files
[1.026s] DEBUG:colcon.colcon_core.event_handler.log_command:Invoked command in '/home/isthis/takeout/lane_car/src/lane_follow_pkg' returned '0': PYTHONPATH=/home/isthis/takeout/lane_car/build/lane_follow_pkg/prefix_override:/usr/lib/python3/dist-packages/colcon_core/task/python/colcon_distutils_commands:/home/isthis/takeout/lane_car/install/lane_follow_pkg/lib/python3.10/site-packages:${PYTHONPATH} /usr/bin/python3 -W ignore:setup.py install is deprecated -W ignore:easy_install command is deprecated setup.py egg_info --egg-base ../../build/lane_follow_pkg build --build-base /home/isthis/takeout/lane_car/build/lane_follow_pkg/build install --record /home/isthis/takeout/lane_car/build/lane_follow_pkg/install.log --single-version-externally-managed
[1.026s] Level 1:colcon.colcon_core.environment:checking '/home/isthis/takeout/lane_car/install/lane_follow_pkg' for CMake config files
[1.026s] Level 1:colcon.colcon_core.environment:checking '/home/isthis/takeout/lane_car/install/lane_follow_pkg/lib'
[1.027s] Level 1:colcon.colcon_core.environment:checking '/home/isthis/takeout/lane_car/install/lane_follow_pkg/bin'
[1.027s] Level 1:colcon.colcon_core.environment:checking '/home/isthis/takeout/lane_car/install/lane_follow_pkg/lib/pkgconfig/lane_follow_pkg.pc'
[1.027s] Level 1:colcon.colcon_core.environment:checking '/home/isthis/takeout/lane_car/install/lane_follow_pkg/lib/python3.10/site-packages'
[1.027s] Level 1:colcon.colcon_core.shell:create_environment_hook('lane_follow_pkg', 'pythonpath')
[1.027s] INFO:colcon.colcon_core.shell:Creating environment hook '/home/isthis/takeout/lane_car/install/lane_follow_pkg/share/lane_follow_pkg/hook/pythonpath.ps1'
[1.028s] INFO:colcon.colcon_core.shell:Creating environment descriptor '/home/isthis/takeout/lane_car/install/lane_follow_pkg/share/lane_follow_pkg/hook/pythonpath.dsv'
[1.028s] INFO:colcon.colcon_core.shell:Creating environment hook '/home/isthis/takeout/lane_car/install/lane_follow_pkg/share/lane_follow_pkg/hook/pythonpath.sh'
[1.029s] Level 1:colcon.colcon_core.environment:checking '/home/isthis/takeout/lane_car/install/lane_follow_pkg/bin'
[1.029s] Level 1:colcon.colcon_core.environment:create_environment_scripts_only(lane_follow_pkg)
[1.029s] INFO:colcon.colcon_core.shell:Creating package script '/home/isthis/takeout/lane_car/install/lane_follow_pkg/share/lane_follow_pkg/package.ps1'
[1.029s] INFO:colcon.colcon_core.shell:Creating package descriptor '/home/isthis/takeout/lane_car/install/lane_follow_pkg/share/lane_follow_pkg/package.dsv'
[1.030s] INFO:colcon.colcon_core.shell:Creating package script '/home/isthis/takeout/lane_car/install/lane_follow_pkg/share/lane_follow_pkg/package.sh'
[1.030s] INFO:colcon.colcon_core.shell:Creating package script '/home/isthis/takeout/lane_car/install/lane_follow_pkg/share/lane_follow_pkg/package.bash'
[1.030s] INFO:colcon.colcon_core.shell:Creating package script '/home/isthis/takeout/lane_car/install/lane_follow_pkg/share/lane_follow_pkg/package.zsh'
[1.031s] Level 1:colcon.colcon_core.environment:create_file_with_runtime_dependencies(/home/isthis/takeout/lane_car/install/lane_follow_pkg/share/colcon-core/packages/lane_follow_pkg)
[1.079s] Level 1:colcon.colcon_core.environment:checking '/home/isthis/takeout/lane_car/install/arduino_bridge_pkg' for CMake module files
[1.079s] DEBUG:colcon.colcon_core.event_handler.log_command:Invoked command in '/home/isthis/takeout/lane_car/src/arduino_bridge_pkg' returned '0': PYTHONPATH=/home/isthis/takeout/lane_car/build/arduino_bridge_pkg/prefix_override:/usr/lib/python3/dist-packages/colcon_core/task/python/colcon_distutils_commands:/home/isthis/takeout/lane_car/install/arduino_bridge_pkg/lib/python3.10/site-packages:${PYTHONPATH} /usr/bin/python3 -W ignore:setup.py install is deprecated -W ignore:easy_install command is deprecated setup.py egg_info --egg-base ../../build/arduino_bridge_pkg build --build-base /home/isthis/takeout/lane_car/build/arduino_bridge_pkg/build install --record /home/isthis/takeout/lane_car/build/arduino_bridge_pkg/install.log --single-version-externally-managed
[1.080s] Level 1:colcon.colcon_core.environment:checking '/home/isthis/takeout/lane_car/install/arduino_bridge_pkg' for CMake config files
[1.080s] Level 1:colcon.colcon_core.environment:checking '/home/isthis/takeout/lane_car/install/arduino_bridge_pkg/lib'
[1.080s] Level 1:colcon.colcon_core.environment:checking '/home/isthis/takeout/lane_car/install/arduino_bridge_pkg/bin'
[1.080s] Level 1:colcon.colcon_core.environment:checking '/home/isthis/takeout/lane_car/install/arduino_bridge_pkg/lib/pkgconfig/arduino_bridge_pkg.pc'
[1.081s] Level 1:colcon.colcon_core.environment:checking '/home/isthis/takeout/lane_car/install/arduino_bridge_pkg/lib/python3.10/site-packages'
[1.081s] Level 1:colcon.colcon_core.shell:create_environment_hook('arduino_bridge_pkg', 'pythonpath')
[1.081s] INFO:colcon.colcon_core.shell:Creating environment hook '/home/isthis/takeout/lane_car/install/arduino_bridge_pkg/share/arduino_bridge_pkg/hook/pythonpath.ps1'
[1.082s] INFO:colcon.colcon_core.shell:Creating environment descriptor '/home/isthis/takeout/lane_car/install/arduino_bridge_pkg/share/arduino_bridge_pkg/hook/pythonpath.dsv'
[1.082s] INFO:colcon.colcon_core.shell:Creating environment hook '/home/isthis/takeout/lane_car/install/arduino_bridge_pkg/share/arduino_bridge_pkg/hook/pythonpath.sh'
[1.083s] Level 1:colcon.colcon_core.environment:checking '/home/isthis/takeout/lane_car/install/arduino_bridge_pkg/bin'
[1.083s] Level 1:colcon.colcon_core.environment:create_environment_scripts_only(arduino_bridge_pkg)
[1.083s] INFO:colcon.colcon_core.shell:Creating package script '/home/isthis/takeout/lane_car/install/arduino_bridge_pkg/share/arduino_bridge_pkg/package.ps1'
[1.083s] INFO:colcon.colcon_core.shell:Creating package descriptor '/home/isthis/takeout/lane_car/install/arduino_bridge_pkg/share/arduino_bridge_pkg/package.dsv'
[1.084s] INFO:colcon.colcon_core.shell:Creating package script '/home/isthis/takeout/lane_car/install/arduino_bridge_pkg/share/arduino_bridge_pkg/package.sh'
[1.084s] INFO:colcon.colcon_core.shell:Creating package script '/home/isthis/takeout/lane_car/install/arduino_bridge_pkg/share/arduino_bridge_pkg/package.bash'
[1.084s] INFO:colcon.colcon_core.shell:Creating package script '/home/isthis/takeout/lane_car/install/arduino_bridge_pkg/share/arduino_bridge_pkg/package.zsh'
[1.085s] Level 1:colcon.colcon_core.environment:create_file_with_runtime_dependencies(/home/isthis/takeout/lane_car/install/arduino_bridge_pkg/share/colcon-core/packages/arduino_bridge_pkg)
[1.085s] DEBUG:colcon.colcon_parallel_executor.executor.parallel:closing loop
[1.085s] DEBUG:colcon.colcon_parallel_executor.executor.parallel:loop closed
[1.085s] DEBUG:colcon.colcon_parallel_executor.executor.parallel:run_until_complete finished with '0'
[1.085s] DEBUG:colcon.colcon_core.event_reactor:joining thread
[1.089s] INFO:colcon.colcon_core.plugin_system:Skipping extension 'colcon_notification.desktop_notification.terminal_notifier': Not used on non-Darwin systems
[1.089s] INFO:colcon.colcon_core.plugin_system:Skipping extension 'colcon_notification.desktop_notification.win32': Not used on non-Windows systems
[1.089s] INFO:colcon.colcon_notification.desktop_notification:Sending desktop notification using 'notify2'
[1.096s] DEBUG:colcon.colcon_core.event_reactor:joined thread
[1.097s] INFO:colcon.colcon_core.shell:Creating prefix script '/home/isthis/takeout/lane_car/install/local_setup.ps1'
[1.098s] INFO:colcon.colcon_core.shell:Creating prefix util module '/home/isthis/takeout/lane_car/install/_local_setup_util_ps1.py'
[1.100s] INFO:colcon.colcon_core.shell:Creating prefix chain script '/home/isthis/takeout/lane_car/install/setup.ps1'
[1.100s] INFO:colcon.colcon_core.shell:Creating prefix script '/home/isthis/takeout/lane_car/install/local_setup.sh'
[1.100s] INFO:colcon.colcon_core.shell:Creating prefix util module '/home/isthis/takeout/lane_car/install/_local_setup_util_sh.py'
[1.101s] INFO:colcon.colcon_core.shell:Creating prefix chain script '/home/isthis/takeout/lane_car/install/setup.sh'
[1.101s] INFO:colcon.colcon_core.shell:Creating prefix script '/home/isthis/takeout/lane_car/install/local_setup.bash'
[1.101s] INFO:colcon.colcon_core.shell:Creating prefix chain script '/home/isthis/takeout/lane_car/install/setup.bash'
[1.102s] INFO:colcon.colcon_core.shell:Creating prefix script '/home/isthis/takeout/lane_car/install/local_setup.zsh'
[1.102s] INFO:colcon.colcon_core.shell:Creating prefix chain script '/home/isthis/takeout/lane_car/install/setup.zsh'
