[0.701s] Invoking command in '/home/isthis/takeout/lane_car/src/camera_pkg': PYTHONPATH=/home/isthis/takeout/lane_car/build/camera_pkg/prefix_override:/usr/lib/python3/dist-packages/colcon_core/task/python/colcon_distutils_commands:/home/isthis/takeout/lane_car/install/camera_pkg/lib/python3.10/site-packages:${PYTHONPATH} /usr/bin/python3 -W ignore:setup.py install is deprecated -W ignore:easy_install command is deprecated setup.py egg_info --egg-base ../../build/camera_pkg build --build-base /home/isthis/takeout/lane_car/build/camera_pkg/build install --record /home/isthis/takeout/lane_car/build/camera_pkg/install.log --single-version-externally-managed install_data
[0.834s] running egg_info
[0.834s] writing ../../build/camera_pkg/camera_pkg.egg-info/PKG-INFO
[0.835s] writing dependency_links to ../../build/camera_pkg/camera_pkg.egg-info/dependency_links.txt
[0.835s] writing entry points to ../../build/camera_pkg/camera_pkg.egg-info/entry_points.txt
[0.835s] writing requirements to ../../build/camera_pkg/camera_pkg.egg-info/requires.txt
[0.835s] writing top-level names to ../../build/camera_pkg/camera_pkg.egg-info/top_level.txt
[0.836s] reading manifest file '../../build/camera_pkg/camera_pkg.egg-info/SOURCES.txt'
[0.836s] writing manifest file '../../build/camera_pkg/camera_pkg.egg-info/SOURCES.txt'
[0.836s] running build
[0.836s] running build_py
[0.836s] running install
[0.836s] running install_lib
[0.837s] running install_data
[0.837s] running install_egg_info
[0.838s] removing '/home/isthis/takeout/lane_car/install/camera_pkg/lib/python3.10/site-packages/camera_pkg-0.0.0-py3.10.egg-info' (and everything under it)
[0.838s] Copying ../../build/camera_pkg/camera_pkg.egg-info to /home/isthis/takeout/lane_car/install/camera_pkg/lib/python3.10/site-packages/camera_pkg-0.0.0-py3.10.egg-info
[0.838s] running install_scripts
[0.852s] Installing camera_node script to /home/isthis/takeout/lane_car/install/camera_pkg/lib/camera_pkg
[0.852s] writing list of installed files to '/home/isthis/takeout/lane_car/build/camera_pkg/install.log'
[0.869s] Invoked command in '/home/isthis/takeout/lane_car/src/camera_pkg' returned '0': PYTHONPATH=/home/isthis/takeout/lane_car/build/camera_pkg/prefix_override:/usr/lib/python3/dist-packages/colcon_core/task/python/colcon_distutils_commands:/home/isthis/takeout/lane_car/install/camera_pkg/lib/python3.10/site-packages:${PYTHONPATH} /usr/bin/python3 -W ignore:setup.py install is deprecated -W ignore:easy_install command is deprecated setup.py egg_info --egg-base ../../build/camera_pkg build --build-base /home/isthis/takeout/lane_car/build/camera_pkg/build install --record /home/isthis/takeout/lane_car/build/camera_pkg/install.log --single-version-externally-managed install_data
