[0.813s] Invoking command in '/home/isthis/takeout/lane_car/src/arduino_bridge_pkg': PYTHONPATH=/home/isthis/takeout/lane_car/build/arduino_bridge_pkg/prefix_override:/usr/lib/python3/dist-packages/colcon_core/task/python/colcon_distutils_commands:/home/isthis/takeout/lane_car/install/arduino_bridge_pkg/lib/python3.10/site-packages:${PYTHONPATH} /usr/bin/python3 -W ignore:setup.py install is deprecated -W ignore:easy_install command is deprecated setup.py egg_info --egg-base ../../build/arduino_bridge_pkg build --build-base /home/isthis/takeout/lane_car/build/arduino_bridge_pkg/build install --record /home/isthis/takeout/lane_car/build/arduino_bridge_pkg/install.log --single-version-externally-managed
[0.964s] running egg_info
[0.964s] writing ../../build/arduino_bridge_pkg/arduino_bridge_pkg.egg-info/PKG-INFO
[0.964s] writing dependency_links to ../../build/arduino_bridge_pkg/arduino_bridge_pkg.egg-info/dependency_links.txt
[0.964s] writing entry points to ../../build/arduino_bridge_pkg/arduino_bridge_pkg.egg-info/entry_points.txt
[0.964s] writing requirements to ../../build/arduino_bridge_pkg/arduino_bridge_pkg.egg-info/requires.txt
[0.964s] writing top-level names to ../../build/arduino_bridge_pkg/arduino_bridge_pkg.egg-info/top_level.txt
[0.965s] reading manifest file '../../build/arduino_bridge_pkg/arduino_bridge_pkg.egg-info/SOURCES.txt'
[0.966s] writing manifest file '../../build/arduino_bridge_pkg/arduino_bridge_pkg.egg-info/SOURCES.txt'
[0.966s] running build
[0.966s] running build_py
[0.966s] copying arduino_bridge_pkg/arduino_bridge_node.py -> /home/isthis/takeout/lane_car/build/arduino_bridge_pkg/build/lib/arduino_bridge_pkg
[0.966s] running install
[0.966s] running install_lib
[0.968s] copying /home/isthis/takeout/lane_car/build/arduino_bridge_pkg/build/lib/arduino_bridge_pkg/arduino_bridge_node.py -> /home/isthis/takeout/lane_car/install/arduino_bridge_pkg/lib/python3.10/site-packages/arduino_bridge_pkg
[0.968s] byte-compiling /home/isthis/takeout/lane_car/install/arduino_bridge_pkg/lib/python3.10/site-packages/arduino_bridge_pkg/arduino_bridge_node.py to arduino_bridge_node.cpython-310.pyc
[0.968s] running install_egg_info
[0.968s] removing '/home/isthis/takeout/lane_car/install/arduino_bridge_pkg/lib/python3.10/site-packages/arduino_bridge_pkg-0.0.0-py3.10.egg-info' (and everything under it)
[0.968s] Copying ../../build/arduino_bridge_pkg/arduino_bridge_pkg.egg-info to /home/isthis/takeout/lane_car/install/arduino_bridge_pkg/lib/python3.10/site-packages/arduino_bridge_pkg-0.0.0-py3.10.egg-info
[0.969s] running install_scripts
[0.980s] Installing arduino_bridge_node script to /home/isthis/takeout/lane_car/install/arduino_bridge_pkg/lib/arduino_bridge_pkg
[0.980s] writing list of installed files to '/home/isthis/takeout/lane_car/build/arduino_bridge_pkg/install.log'
[0.996s] Invoked command in '/home/isthis/takeout/lane_car/src/arduino_bridge_pkg' returned '0': PYTHONPATH=/home/isthis/takeout/lane_car/build/arduino_bridge_pkg/prefix_override:/usr/lib/python3/dist-packages/colcon_core/task/python/colcon_distutils_commands:/home/isthis/takeout/lane_car/install/arduino_bridge_pkg/lib/python3.10/site-packages:${PYTHONPATH} /usr/bin/python3 -W ignore:setup.py install is deprecated -W ignore:easy_install command is deprecated setup.py egg_info --egg-base ../../build/arduino_bridge_pkg build --build-base /home/isthis/takeout/lane_car/build/arduino_bridge_pkg/build install --record /home/isthis/takeout/lane_car/build/arduino_bridge_pkg/install.log --single-version-externally-managed
