running egg_info
creating ../../build/lane_follow_pkg/lane_follow_pkg.egg-info
writing ../../build/lane_follow_pkg/lane_follow_pkg.egg-info/PKG-INFO
writing dependency_links to ../../build/lane_follow_pkg/lane_follow_pkg.egg-info/dependency_links.txt
writing entry points to ../../build/lane_follow_pkg/lane_follow_pkg.egg-info/entry_points.txt
writing requirements to ../../build/lane_follow_pkg/lane_follow_pkg.egg-info/requires.txt
writing top-level names to ../../build/lane_follow_pkg/lane_follow_pkg.egg-info/top_level.txt
writing manifest file '../../build/lane_follow_pkg/lane_follow_pkg.egg-info/SOURCES.txt'
reading manifest file '../../build/lane_follow_pkg/lane_follow_pkg.egg-info/SOURCES.txt'
writing manifest file '../../build/lane_follow_pkg/lane_follow_pkg.egg-info/SOURCES.txt'
running build
running build_py
creating /home/isthis/takeout/lane_car/build/lane_follow_pkg/build
creating /home/isthis/takeout/lane_car/build/lane_follow_pkg/build/lib
creating /home/isthis/takeout/lane_car/build/lane_follow_pkg/build/lib/lane_follow_pkg
copying lane_follow_pkg/lane_follow_node.py -> /home/isthis/takeout/lane_car/build/lane_follow_pkg/build/lib/lane_follow_pkg
copying lane_follow_pkg/__init__.py -> /home/isthis/takeout/lane_car/build/lane_follow_pkg/build/lib/lane_follow_pkg
running install
running install_lib
creating /home/isthis/takeout/lane_car/install/lane_follow_pkg/lib/python3.10/site-packages/lane_follow_pkg
copying /home/isthis/takeout/lane_car/build/lane_follow_pkg/build/lib/lane_follow_pkg/lane_follow_node.py -> /home/isthis/takeout/lane_car/install/lane_follow_pkg/lib/python3.10/site-packages/lane_follow_pkg
copying /home/isthis/takeout/lane_car/build/lane_follow_pkg/build/lib/lane_follow_pkg/__init__.py -> /home/isthis/takeout/lane_car/install/lane_follow_pkg/lib/python3.10/site-packages/lane_follow_pkg
byte-compiling /home/isthis/takeout/lane_car/install/lane_follow_pkg/lib/python3.10/site-packages/lane_follow_pkg/lane_follow_node.py to lane_follow_node.cpython-310.pyc
byte-compiling /home/isthis/takeout/lane_car/install/lane_follow_pkg/lib/python3.10/site-packages/lane_follow_pkg/__init__.py to __init__.cpython-310.pyc
running install_egg_info
Copying ../../build/lane_follow_pkg/lane_follow_pkg.egg-info to /home/isthis/takeout/lane_car/install/lane_follow_pkg/lib/python3.10/site-packages/lane_follow_pkg-0.0.0-py3.10.egg-info
running install_scripts
Installing lane_follow_node script to /home/isthis/takeout/lane_car/install/lane_follow_pkg/lib/lane_follow_pkg
writing list of installed files to '/home/isthis/takeout/lane_car/build/lane_follow_pkg/install.log'
