running egg_info
writing ../../build/camera_pkg/camera_pkg.egg-info/PKG-INFO
writing dependency_links to ../../build/camera_pkg/camera_pkg.egg-info/dependency_links.txt
writing entry points to ../../build/camera_pkg/camera_pkg.egg-info/entry_points.txt
writing requirements to ../../build/camera_pkg/camera_pkg.egg-info/requires.txt
writing top-level names to ../../build/camera_pkg/camera_pkg.egg-info/top_level.txt
reading manifest file '../../build/camera_pkg/camera_pkg.egg-info/SOURCES.txt'
writing manifest file '../../build/camera_pkg/camera_pkg.egg-info/SOURCES.txt'
running build
running build_py
copying camera_pkg/camera_node.py -> /home/isthis/takeout/lane_car/build/camera_pkg/build/lib/camera_pkg
running install
running install_lib
copying /home/isthis/takeout/lane_car/build/camera_pkg/build/lib/camera_pkg/camera_node.py -> /home/isthis/takeout/lane_car/install/camera_pkg/lib/python3.10/site-packages/camera_pkg
byte-compiling /home/isthis/takeout/lane_car/install/camera_pkg/lib/python3.10/site-packages/camera_pkg/camera_node.py to camera_node.cpython-310.pyc
running install_data
running install_egg_info
removing '/home/isthis/takeout/lane_car/install/camera_pkg/lib/python3.10/site-packages/camera_pkg-0.0.0-py3.10.egg-info' (and everything under it)
Copying ../../build/camera_pkg/camera_pkg.egg-info to /home/isthis/takeout/lane_car/install/camera_pkg/lib/python3.10/site-packages/camera_pkg-0.0.0-py3.10.egg-info
running install_scripts
Installing camera_node script to /home/isthis/takeout/lane_car/install/camera_pkg/lib/camera_pkg
writing list of installed files to '/home/isthis/takeout/lane_car/build/camera_pkg/install.log'
