[0.658s] Invoking command in '/home/isthis/takeout/lane_car/src/camera_pkg': PYTHONPATH=/home/isthis/takeout/lane_car/build/camera_pkg/prefix_override:/usr/lib/python3/dist-packages/colcon_core/task/python/colcon_distutils_commands:/home/isthis/takeout/lane_car/install/camera_pkg/lib/python3.10/site-packages:${PYTHONPATH} /usr/bin/python3 -W ignore:setup.py install is deprecated -W ignore:easy_install command is deprecated setup.py egg_info --egg-base ../../build/camera_pkg build --build-base /home/isthis/takeout/lane_car/build/camera_pkg/build install --record /home/isthis/takeout/lane_car/build/camera_pkg/install.log --single-version-externally-managed install_data
[0.802s] running egg_info
[0.802s] writing ../../build/camera_pkg/camera_pkg.egg-info/PKG-INFO
[0.802s] writing dependency_links to ../../build/camera_pkg/camera_pkg.egg-info/dependency_links.txt
[0.802s] writing entry points to ../../build/camera_pkg/camera_pkg.egg-info/entry_points.txt
[0.802s] writing requirements to ../../build/camera_pkg/camera_pkg.egg-info/requires.txt
[0.802s] writing top-level names to ../../build/camera_pkg/camera_pkg.egg-info/top_level.txt
[0.803s] reading manifest file '../../build/camera_pkg/camera_pkg.egg-info/SOURCES.txt'
[0.803s] writing manifest file '../../build/camera_pkg/camera_pkg.egg-info/SOURCES.txt'
[0.803s] running build
[0.803s] running build_py
[0.804s] running install
[0.804s] running install_lib
[0.804s] running install_data
[0.804s] running install_egg_info
[0.805s] removing '/home/isthis/takeout/lane_car/install/camera_pkg/lib/python3.10/site-packages/camera_pkg-0.0.0-py3.10.egg-info' (and everything under it)
[0.806s] Copying ../../build/camera_pkg/camera_pkg.egg-info to /home/isthis/takeout/lane_car/install/camera_pkg/lib/python3.10/site-packages/camera_pkg-0.0.0-py3.10.egg-info
[0.806s] running install_scripts
[0.819s] Installing camera_node script to /home/isthis/takeout/lane_car/install/camera_pkg/lib/camera_pkg
[0.819s] writing list of installed files to '/home/isthis/takeout/lane_car/build/camera_pkg/install.log'
[0.839s] Invoked command in '/home/isthis/takeout/lane_car/src/camera_pkg' returned '0': PYTHONPATH=/home/isthis/takeout/lane_car/build/camera_pkg/prefix_override:/usr/lib/python3/dist-packages/colcon_core/task/python/colcon_distutils_commands:/home/isthis/takeout/lane_car/install/camera_pkg/lib/python3.10/site-packages:${PYTHONPATH} /usr/bin/python3 -W ignore:setup.py install is deprecated -W ignore:easy_install command is deprecated setup.py egg_info --egg-base ../../build/camera_pkg build --build-base /home/isthis/takeout/lane_car/build/camera_pkg/build install --record /home/isthis/takeout/lane_car/build/camera_pkg/install.log --single-version-externally-managed install_data
